<?xml version="1.0" encoding="UTF-8"?>
<!-- Generated by org.testng.reporters.JUnitXMLReporter -->
<testsuite hostname="LAPTOP-MB80RPKK" ignored="0" name="test2" tests="2" failures="1" timestamp="2020-10-19T19:16:37 IST" time="9.667" errors="0">
  <testcase name="googleM" time="1.291" classname="regression.MobileTestCases"/>
  <testcase name="testCaseOne" time="4.043" classname="regression.MobileTestCases">
    <failure type="java.lang.AssertionError" message="expected [bcd] but found [Home page]">
      <![CDATA[java.lang.AssertionError: expected [bcd] but found [Home page]
at regression.MobileTestCases.testCaseOne(MobileTestCases.java:38)
at java.util.ArrayList.forEach(ArrayList.java:1234)
... Removed 33 stack frames]]>
    </failure>
  </testcase> <!-- testCaseOne -->
</testsuite> <!-- test2 -->
