<?xml version="1.0" encoding="UTF-8"?>
<!-- Generated by org.testng.reporters.JUnitXMLReporter -->
<testsuite hostname="LAPTOP-MB80RPKK" ignored="0" name="Test" tests="2" failures="1" timestamp="2020-10-19T19:16:27 IST" time="24.735" errors="0">
  <testcase name="amazonLogin" time="7.647" classname="regression.TVTestCases"/>
  <testcase name="flipKart" time="4.145" classname="regression.TVTestCases">
    <failure type="java.lang.AssertionError" message="expected [abc] but found [Online Shopping Site for Mobiles, Electronics, Furniture, Grocery, Lifestyle, Books &amp;amp; More. Best Offers!]">
      <![CDATA[java.lang.AssertionError: expected [abc] but found [Online Shopping Site for Mobiles, Electronics, Furniture, Grocery, Lifestyle, Books & More. Best Offers!]
at regression.TVTestCases.flipKart(TVTestCases.java:48)
at java.util.ArrayList.forEach(ArrayList.java:1234)
... Removed 33 stack frames]]>
    </failure>
  </testcase> <!-- flipKart -->
</testsuite> <!-- Test -->
